{
  "stats": {
    "suites": 1,
    "tests": 2,
    "passes": 2,
    "pending": 0,
    "failures": 0,
    "start": "2023-10-31T08:23:44.635Z",
    "end": "2023-10-31T08:23:44.642Z",
    "duration": 7,
    "testsRegistered": 2,
    "passPercent": 100,
    "pendingPercent": 0,
    "other": 0,
    "hasOther": false,
    "skipped": 0,
    "hasSkipped": false
  },
  "results": [
    {
      "uuid": "b164022b-50bd-4654-9115-718e22bbdddd",
      "title": "",
      "fullFile": "/Users/apple/Downloads/coding/robot_js/test_case/robot.spec.js",
      "file": "/test_case/robot.spec.js",
      "beforeHooks": [],
      "afterHooks": [],
      "tests": [],
      "suites": [
        {
          "uuid": "4a4ada78-5fb0-4d32-8557-3897c6b6e1c2",
          "title": "Robot",
          "fullFile": "/Users/apple/Downloads/coding/robot_js/test_case/robot.spec.js",
          "file": "/test_case/robot.spec.js",
          "beforeHooks": [],
          "afterHooks": [],
          "tests": [
            {
              "title": "should execute basic commands correctly",
              "fullTitle": "Robot should execute basic commands correctly",
              "timedOut": false,
              "duration": 1,
              "state": "passed",
              "speed": "fast",
              "pass": true,
              "fail": false,
              "pending": false,
              "context": null,
              "code": "const widthSpace = 100;\nconst heightSpace = 100;\nconst testCases = [\n  { position: 'N 0 0', commands: 'M1RM4L3M2', expected: 'S 4 99' },\n  { position: 'S 0 0', commands: 'M1RM4L3M3', expected: 'N 96 2' },\n  { position: 'E 0 0', commands: 'M1RM4LR13M3', expected: 'S 1 93' },\n  { position: 'W 10 12', commands: 'M1RM4LR13M3', expected: 'N 9 19' },\n];\ntestCases.forEach((testCase) => {\n  const result = executeCommands(testCase.position, testCase.commands, widthSpace, heightSpace);\n  console.log('basic commands correctly', result)\n  expect(result).to.equal(testCase.expected);\n});",
              "err": {},
              "uuid": "1f54c07b-f464-457e-b0a8-96eb22b050ba",
              "parentUUID": "4a4ada78-5fb0-4d32-8557-3897c6b6e1c2",
              "isHook": false,
              "skipped": false
            },
            {
              "title": "should handle boundary conditions correctly",
              "fullTitle": "Robot should handle boundary conditions correctly",
              "timedOut": false,
              "duration": 1,
              "state": "passed",
              "speed": "fast",
              "pass": true,
              "fail": false,
              "pending": false,
              "context": null,
              "code": "const widthSpace = 5;\nconst heightSpace = 5;\nconst testCases = [\n  { position: 'N 0 0', commands: 'M6', expected: 'N 0 1' },\n  { position: 'E 4 4', commands: 'M6', expected: 'E 0 4' },\n  { position: 'S 4 4', commands: 'M6', expected: 'S 4 3' },\n];\ntestCases.forEach((testCase) => {\n  const result = executeCommands(testCase.position, testCase.commands, widthSpace, heightSpace);\n  console.log('boundary conditions correctly', result)\n  expect(result).to.equal(testCase.expected);\n});",
              "err": {},
              "uuid": "167ea04b-16df-432e-8c2e-bda46ece9735",
              "parentUUID": "4a4ada78-5fb0-4d32-8557-3897c6b6e1c2",
              "isHook": false,
              "skipped": false
            }
          ],
          "suites": [],
          "passes": [
            "1f54c07b-f464-457e-b0a8-96eb22b050ba",
            "167ea04b-16df-432e-8c2e-bda46ece9735"
          ],
          "failures": [],
          "pending": [],
          "skipped": [],
          "duration": 2,
          "root": false,
          "rootEmpty": false,
          "_timeout": 2000
        }
      ],
      "passes": [],
      "failures": [],
      "pending": [],
      "skipped": [],
      "duration": 0,
      "root": true,
      "rootEmpty": true,
      "_timeout": 2000
    }
  ],
  "meta": {
    "mocha": {
      "version": "10.2.0"
    },
    "mochawesome": {
      "options": {
        "quiet": false,
        "reportFilename": "mochawesome",
        "saveHtml": true,
        "saveJson": true,
        "consoleReporter": "spec",
        "useInlineDiffs": false,
        "code": true
      },
      "version": "7.1.3"
    },
    "marge": {
      "options": null,
      "version": "6.2.0"
    }
  }
}